<?xml version="1.0" encoding="UTF-8"?>
<testng-results skipped="0" failed="0" ignored="0" total="4" passed="4">
  <reporter-output>
  </reporter-output>
  <suite name="Suite" duration-ms="0" started-at="2021-01-04T18:42:27 CST" finished-at="2021-01-04T18:42:27 CST">
    <groups>
    </groups>
  </suite> <!-- Suite -->
  <suite name="Suite (1)" duration-ms="7" started-at="2021-01-04T18:42:27 CST" finished-at="2021-01-04T18:42:27 CST">
    <groups>
    </groups>
    <test name="Test" duration-ms="7" started-at="2021-01-04T18:42:27 CST" finished-at="2021-01-04T18:42:27 CST">
      <class name="suite2.Test2">
        <test-method status="PASS" signature="tSest2()[pri:0, instance:suite2.Test2@63e2203c]" name="tSest2" duration-ms="1" started-at="2021-01-04T18:42:27 CST" finished-at="2021-01-04T18:42:27 CST">
          <reporter-output>
          </reporter-output>
        </test-method> <!-- tSest2 -->
      </class> <!-- suite2.Test2 -->
      <class name="suite2.test1">
        <test-method status="PASS" signature="Test1()[pri:0, instance:suite2.test1@3224f60b]" name="Test1" duration-ms="2" started-at="2021-01-04T18:42:27 CST" finished-at="2021-01-04T18:42:27 CST">
          <reporter-output>
          </reporter-output>
        </test-method> <!-- Test1 -->
      </class> <!-- suite2.test1 -->
    </test> <!-- Test -->
  </suite> <!-- Suite (1) -->
  <suite name="Suite (0)" duration-ms="45" started-at="2021-01-04T18:42:27 CST" finished-at="2021-01-04T18:42:27 CST">
    <groups>
    </groups>
    <test name="Test" duration-ms="45" started-at="2021-01-04T18:42:27 CST" finished-at="2021-01-04T18:42:27 CST">
      <class name="suite1.Test2">
        <test-method status="PASS" signature="tSest2()[pri:0, instance:suite1.Test2@1f28c152]" name="tSest2" duration-ms="2" started-at="2021-01-04T18:42:27 CST" finished-at="2021-01-04T18:42:27 CST">
          <reporter-output>
          </reporter-output>
        </test-method> <!-- tSest2 -->
      </class> <!-- suite1.Test2 -->
      <class name="suite1.test1">
        <test-method status="PASS" signature="Test1()[pri:0, instance:suite1.test1@369f73a2]" name="Test1" duration-ms="7" started-at="2021-01-04T18:42:27 CST" finished-at="2021-01-04T18:42:27 CST">
          <reporter-output>
          </reporter-output>
        </test-method> <!-- Test1 -->
      </class> <!-- suite1.test1 -->
    </test> <!-- Test -->
  </suite> <!-- Suite (0) -->
</testng-results>
